{"level":"ERROR","location":"[post_call:86] fyersModel","message":{"API":"/orders/sync","Error":{"code":-50,"message":"Invalid input","s":"error"}},"timestamp":"2024-09-09 16:22:55,544+0530","service":"FyersAPI"}
{"level":"ERROR","location":"[post_call:86] fyersModel","message":{"API":"/orders/sync","Error":{"code":-50,"message":"Invalid input","s":"error"}},"timestamp":"2024-09-09 16:24:07,084+0530","service":"FyersAPI"}
{"level":"ERROR","location":"[post_call:86] fyersModel","message":{"API":"/orders/sync","Error":{"code":-50,"message":"Invalid input","s":"error"}},"timestamp":"2024-09-09 16:25:34,080+0530","service":"FyersAPI"}
{"level":"ERROR","location":"[post_call:86] fyersModel","message":{"API":"/orders/sync","Error":{"code":-50,"message":"Invalid input","s":"error"}},"timestamp":"2024-09-09 16:26:12,547+0530","service":"FyersAPI"}
{"level":"ERROR","location":"[post_call:86] fyersModel","message":{"API":"/orders/sync","Error":{"code":-50,"message":"Invalid input","s":"error"}},"timestamp":"2024-09-09 16:34:13,940+0530","service":"FyersAPI"}
{"level":"ERROR","location":"[post_call:86] fyersModel","message":{"API":"/orders/sync","Error":{"code":-50,"message":"Invalid input","s":"error"}},"timestamp":"2024-09-09 16:42:06,256+0530","service":"FyersAPI"}
{"level":"ERROR","location":"[get_call:143] fyersModel","message":{"API":"/depth","Error":{"message":"Please provide valid inputs","code":-50,"s":"error"}},"timestamp":"2024-09-10 00:28:15,451+0530","service":"FyersAPI"}
{"level":"ERROR","location":"[get_call:143] fyersModel","message":{"API":"/depth","Error":{"code":-300,"message":"Please provide a valid symbol","s":"error"}},"timestamp":"2024-09-10 00:28:44,421+0530","service":"FyersAPI"}
{"level":"ERROR","location":"[get_call:143] fyersModel","message":{"API":"/profile","Error":{"s":"error","code":-8,"message":"Your token has expired. Please generate a token"}},"timestamp":"2024-09-10 12:40:53,383+0530","service":"FyersAPI"}
{"level":"ERROR","location":"[get_call:143] fyersModel","message":{"API":"/profile","Error":{"s":"error","code":-8,"message":"Your token has expired. Please generate a token"}},"timestamp":"2024-09-10 12:50:39,947+0530","service":"FyersAPI"}
{"level":"ERROR","location":"[get_call:143] fyersModel","message":{"API":"/profile","Error":{"s":"error","code":-8,"message":"Your token has expired. Please generate a token"}},"timestamp":"2024-09-10 12:51:58,806+0530","service":"FyersAPI"}
{"level":"ERROR","location":"[post_call:86] fyersModel","message":{"API":"/orders/sync","Error":{"code":-50,"message":"Invalid input","s":"error"}},"timestamp":"2024-09-10 23:50:32,630+0530","service":"FyersAPI"}
{"level":"ERROR","location":"[get_call:143] fyersModel","message":{"API":"/options-chain-v3","Error":{"message":"Please provide valid inputs","code":-50,"s":"error"}},"timestamp":"2024-09-12 00:59:44,365+0530","service":"FyersAPI"}
{"level":"ERROR","location":"[get_call:143] fyersModel","message":{"API":"/profile","Error":{"s":"error","code":-8,"message":"Your token has expired. Please generate a token"}},"timestamp":"2024-09-12 12:31:45,061+0530","service":"FyersAPI"}
{"level":"ERROR","location":"[post_call:86] fyersModel","message":{"API":"/orders/sync","Error":{"code":-50,"message":"The input symbol is invalid.","s":"error"}},"timestamp":"2024-09-12 19:17:53,196+0530","service":"FyersAPI"}
{"level":"ERROR","location":"[post_call:86] fyersModel","message":{"API":"/orders/sync","Error":{"code":-50,"message":"productType must be one of the following: \"CNC\", \"MARGIN\", \"INTRADAY\"","s":"error"}},"timestamp":"2024-09-12 21:43:08,512+0530","service":"FyersAPI"}
{"level":"ERROR","location":"[post_call:86] fyersModel","message":{"API":"/orders/sync","Error":{"code":-50,"message":"productType must be one of the following: \"CNC\", \"MARGIN\", \"INTRADAY\"","s":"error"}},"timestamp":"2024-09-12 21:44:28,603+0530","service":"FyersAPI"}
{"level":"ERROR","location":"[get_call:143] fyersModel","message":{"API":"/profile","Error":{"s":"error","code":-8,"message":"Your token has expired. Please generate a token"}},"timestamp":"2024-09-13 12:39:35,431+0530","service":"FyersAPI"}
{"level":"ERROR","location":"[get_call:143] fyersModel","message":{"API":"/depth","Error":{"code":-300,"message":"Please provide a valid symbol","s":"error"}},"timestamp":"2024-09-13 17:52:17,877+0530","service":"FyersAPI"}
{"level":"ERROR","location":"[get_call:143] fyersModel","message":{"API":"/depth","Error":{"message":"Please provide valid token","code":-15,"s":"error"}},"timestamp":"2024-09-14 12:30:30,861+0530","service":"FyersAPI"}
{"level":"ERROR","location":"[post_call:86] fyersModel","message":{"API":"/orders/sync","Error":{"code":-16,"message":"Could not authenticate the user","s":"error"}},"timestamp":"2024-09-14 12:30:31,025+0530","service":"FyersAPI"}
